[debug] [2022-11-10T06:45:34.201Z] ----------------------------------------------------------------------
[debug] [2022-11-10T06:45:34.203Z] Command:       C:\Program Files\nodejs\node.exe C:\Users\FTC\AppData\Roaming\npm\node_modules\firebase-tools\lib\bin\firebase.js deploy
[debug] [2022-11-10T06:45:34.204Z] CLI Version:   11.14.4
[debug] [2022-11-10T06:45:34.204Z] Platform:      win32
[debug] [2022-11-10T06:45:34.205Z] Node Version:  v16.15.1
[debug] [2022-11-10T06:45:34.213Z] Time:          Thu Nov 10 2022 12:45:34 GMT+0600 (Bangladesh Standard Time)
[debug] [2022-11-10T06:45:34.213Z] ----------------------------------------------------------------------
[debug] 
[debug] [2022-11-10T06:45:34.315Z] > command requires scopes: ["email","openid","https://www.googleapis.com/auth/cloudplatformprojects.readonly","https://www.googleapis.com/auth/firebase","https://www.googleapis.com/auth/cloud-platform"]
[debug] [2022-11-10T06:45:34.316Z] > authorizing via signed-in user (tania.develpers@gmail.com)
[debug] [2022-11-10T06:45:34.316Z] [iam] checking project photography-8b19f for permissions ["firebase.projects.get","firebasehosting.sites.update"]
[debug] [2022-11-10T06:45:34.319Z] >>> [apiv2][query] POST https://cloudresourcemanager.googleapis.com/v1/projects/photography-8b19f:testIamPermissions [none]
[debug] [2022-11-10T06:45:34.320Z] >>> [apiv2][(partial)header] POST https://cloudresourcemanager.googleapis.com/v1/projects/photography-8b19f:testIamPermissions x-goog-quota-user=projects/photography-8b19f
[debug] [2022-11-10T06:45:34.320Z] >>> [apiv2][body] POST https://cloudresourcemanager.googleapis.com/v1/projects/photography-8b19f:testIamPermissions {"permissions":["firebase.projects.get","firebasehosting.sites.update"]}
[debug] [2022-11-10T06:45:35.477Z] <<< [apiv2][status] POST https://cloudresourcemanager.googleapis.com/v1/projects/photography-8b19f:testIamPermissions 200
[debug] [2022-11-10T06:45:35.479Z] <<< [apiv2][body] POST https://cloudresourcemanager.googleapis.com/v1/projects/photography-8b19f:testIamPermissions {"permissions":["firebase.projects.get","firebasehosting.sites.update"]}
[debug] [2022-11-10T06:45:35.490Z] >>> [apiv2][query] GET https://firebase.googleapis.com/v1beta1/projects/photography-8b19f [none]
[debug] [2022-11-10T06:45:36.408Z] <<< [apiv2][status] GET https://firebase.googleapis.com/v1beta1/projects/photography-8b19f 200
[debug] [2022-11-10T06:45:36.409Z] <<< [apiv2][body] GET https://firebase.googleapis.com/v1beta1/projects/photography-8b19f {"projectId":"photography-8b19f","projectNumber":"554962851200","displayName":"photography","name":"projects/photography-8b19f","resources":{"hostingSite":"photography-8b19f"},"state":"ACTIVE","etag":"1_7e32f950-4bea-4ed3-9b7e-bfbc6f0ae6db"}
[info] 
[info] === Deploying to 'photography-8b19f'...
[info] 
[info] i  deploying hosting 
[debug] [2022-11-10T06:45:36.431Z] >>> [apiv2][query] POST https://firebasehosting.googleapis.com/v1beta1/projects/-/sites/photography-8b19f/versions [none]
[debug] [2022-11-10T06:45:36.432Z] >>> [apiv2][body] POST https://firebasehosting.googleapis.com/v1beta1/projects/-/sites/photography-8b19f/versions {"status":"CREATED","labels":{"deployment-tool":"cli-firebase"}}
[debug] [2022-11-10T06:45:38.004Z] <<< [apiv2][status] POST https://firebasehosting.googleapis.com/v1beta1/projects/-/sites/photography-8b19f/versions 200
[debug] [2022-11-10T06:45:38.004Z] <<< [apiv2][body] POST https://firebasehosting.googleapis.com/v1beta1/projects/-/sites/photography-8b19f/versions {"name":"projects/554962851200/sites/photography-8b19f/versions/9331e37b9e39baa3","status":"CREATED","config":{},"labels":{"deployment-tool":"cli-firebase"}}
[info] i  hosting[photography-8b19f]: beginning deploy... 
[info] i  hosting[photography-8b19f]: found 22 files in build 
[debug] [2022-11-10T06:45:38.086Z] [hosting] uploading with 200 concurrency
[debug] [2022-11-10T06:45:38.650Z] [hosting] hash cache [YnVpbGQ] stored for 22 files
[debug] [2022-11-10T06:45:38.650Z] [hosting][hash queue][FINAL] {"max":538,"min":12,"avg":127.18181818181819,"active":0,"complete":22,"success":22,"errored":0,"retried":0,"total":22,"elapsed":554}
[debug] [2022-11-10T06:45:38.651Z] >>> [apiv2][query] POST https://firebasehosting.googleapis.com/v1beta1/projects/554962851200/sites/photography-8b19f/versions/9331e37b9e39baa3:populateFiles [none]
[debug] [2022-11-10T06:45:38.651Z] >>> [apiv2][body] POST https://firebasehosting.googleapis.com/v1beta1/projects/554962851200/sites/photography-8b19f/versions/9331e37b9e39baa3:populateFiles {"files":{"/favicon.ico":"eae62e993eb980ec8a25058c39d5a51feab118bd2100c4deebb2a9c158ec11f9","/logo192.png":"3ee59515172ee198f3be375979df15ac5345183e656720a381b8872b2a39dc8b","/logo512.png":"ee7e2f3fdb8209c4b6fd7bef6ba50d1b9dba30a25bb5c3126df057e1cb6f5331","/manifest.json":"aff3449bdc238776f5d6d967f19ec491b36aed5fb7f23ccff6500736fd58494a","/robots.txt":"bfe106a3fb878dc83461c86818bf74fc1bdc7f28538ba613cd3e775516ce8b49","/services.json":"fba074a395f359f632416ddeccf21a4912049187298b4b0bf010d15c0ed161d8","/asset-manifest.json":"6df26e300d63dfa9dfe3d053498c09c9a9faeab2e302a6f9125a4e4ea1f34194","/index.html":"69bd8d9484041a87ee79a2d62bb3e56ea8e36a4bb5e52a4223b53a8bd86ea8aa","/static/js/787.aee30448.chunk.js":"b98e09c506d783503eccf9aef9935f04588c3cc6d647271daf8e98b3d3ead619","/static/js/787.aee30448.chunk.js.map":"57eff1b154f6a9b62f2f1916431aca648fa6036514a071d7b134dfb52572d609","/static/js/main.659d1ee9.js.LICENSE.txt":"29fba471d481398619ffd50250e8431add61c7c8208f77fc9b05cd1bf9708876","/static/css/main.59624c33.css":"7f81a2fa5dd408d507bb928037813f6f959487d11e2ada6c90d0881ed9dbf333","/static/css/main.59624c33.css.map":"314adcd43d0e77749ee6bead3d9bda2f581dd7bebe4eea6f7b27443ff005c817","/static/media/user.a6143582309785dca610.png":"3db19429a79553f09c0adebdb3d58cbb8699e45584f31fc73c55198c67ce3acf","/static/media/img-5.5614ca5160a903c90de8.png":"5379517c999a826dbd4a78e8b27c3f03e82e1fbb6b74bd1cba6b4d469adf74dc","/static/media/logo.74166950c32bf27f9039.png":"31a9582965292ed47bbacdbef4ff6dc53b1dfc47f569584a2e816dbb4c23a8d9","/static/js/main.659d1ee9.js":"a599b3acfc8f0d73ee2f13a1c10b445149f6afab606eea45424df01f3a471a2f","/static/media/img3.9211915d8032467a8d32.jpg":"1a0ec625944c76dd850147d3f496beb24c79e915047786d55500a26189260a66","/static/media/img2.dd794a4b7102face574c.jpg":"2da41a36a3c21077d7e8ad1e36270a190a69d7544b1df20fcb305847cba824ea","/static/media/img4.fe2ca18d4402db49272b.jpg":"46594bbedf5de18914004f1216a57cd2f7cd65b1ab0d4961fbd4d459fa6c2e0e","/static/media/img1.8fb58359e82827b82067.jpg":"e32a7fb5b6ac7fefd4779b636a34dd1dc355c6ec0911c620c21725ffc3bacdb7","/static/js/main.659d1ee9.js.map":"451cfbd7e400fe9cf80ec83983425e75956ffd7b4db81442c3db70d4cb427e94"}}
[debug] [2022-11-10T06:45:39.922Z] <<< [apiv2][status] POST https://firebasehosting.googleapis.com/v1beta1/projects/554962851200/sites/photography-8b19f/versions/9331e37b9e39baa3:populateFiles 200
[debug] [2022-11-10T06:45:39.922Z] <<< [apiv2][body] POST https://firebasehosting.googleapis.com/v1beta1/projects/554962851200/sites/photography-8b19f/versions/9331e37b9e39baa3:populateFiles {"uploadRequiredHashes":["6df26e300d63dfa9dfe3d053498c09c9a9faeab2e302a6f9125a4e4ea1f34194","451cfbd7e400fe9cf80ec83983425e75956ffd7b4db81442c3db70d4cb427e94","314adcd43d0e77749ee6bead3d9bda2f581dd7bebe4eea6f7b27443ff005c817","69bd8d9484041a87ee79a2d62bb3e56ea8e36a4bb5e52a4223b53a8bd86ea8aa","7f81a2fa5dd408d507bb928037813f6f959487d11e2ada6c90d0881ed9dbf333","a599b3acfc8f0d73ee2f13a1c10b445149f6afab606eea45424df01f3a471a2f"],"uploadUrl":"https://upload-firebasehosting.googleapis.com/upload/sites/photography-8b19f/versions/9331e37b9e39baa3/files"}
[debug] [2022-11-10T06:45:39.927Z] >>> [apiv2][query] POST https://upload-firebasehosting.googleapis.com/upload/sites/photography-8b19f/versions/9331e37b9e39baa3/files/6df26e300d63dfa9dfe3d053498c09c9a9faeab2e302a6f9125a4e4ea1f34194 [none]
[debug] [2022-11-10T06:45:39.927Z] >>> [apiv2][body] POST https://upload-firebasehosting.googleapis.com/upload/sites/photography-8b19f/versions/9331e37b9e39baa3/files/6df26e300d63dfa9dfe3d053498c09c9a9faeab2e302a6f9125a4e4ea1f34194 [stream]
[debug] [2022-11-10T06:45:39.933Z] >>> [apiv2][query] POST https://upload-firebasehosting.googleapis.com/upload/sites/photography-8b19f/versions/9331e37b9e39baa3/files/451cfbd7e400fe9cf80ec83983425e75956ffd7b4db81442c3db70d4cb427e94 [none]
[debug] [2022-11-10T06:45:39.934Z] >>> [apiv2][body] POST https://upload-firebasehosting.googleapis.com/upload/sites/photography-8b19f/versions/9331e37b9e39baa3/files/451cfbd7e400fe9cf80ec83983425e75956ffd7b4db81442c3db70d4cb427e94 [stream]
[debug] [2022-11-10T06:45:39.938Z] >>> [apiv2][query] POST https://upload-firebasehosting.googleapis.com/upload/sites/photography-8b19f/versions/9331e37b9e39baa3/files/314adcd43d0e77749ee6bead3d9bda2f581dd7bebe4eea6f7b27443ff005c817 [none]
[debug] [2022-11-10T06:45:39.938Z] >>> [apiv2][body] POST https://upload-firebasehosting.googleapis.com/upload/sites/photography-8b19f/versions/9331e37b9e39baa3/files/314adcd43d0e77749ee6bead3d9bda2f581dd7bebe4eea6f7b27443ff005c817 [stream]
[debug] [2022-11-10T06:45:39.941Z] >>> [apiv2][query] POST https://upload-firebasehosting.googleapis.com/upload/sites/photography-8b19f/versions/9331e37b9e39baa3/files/69bd8d9484041a87ee79a2d62bb3e56ea8e36a4bb5e52a4223b53a8bd86ea8aa [none]
[debug] [2022-11-10T06:45:39.941Z] >>> [apiv2][body] POST https://upload-firebasehosting.googleapis.com/upload/sites/photography-8b19f/versions/9331e37b9e39baa3/files/69bd8d9484041a87ee79a2d62bb3e56ea8e36a4bb5e52a4223b53a8bd86ea8aa [stream]
[debug] [2022-11-10T06:45:39.944Z] >>> [apiv2][query] POST https://upload-firebasehosting.googleapis.com/upload/sites/photography-8b19f/versions/9331e37b9e39baa3/files/7f81a2fa5dd408d507bb928037813f6f959487d11e2ada6c90d0881ed9dbf333 [none]
[debug] [2022-11-10T06:45:39.944Z] >>> [apiv2][body] POST https://upload-firebasehosting.googleapis.com/upload/sites/photography-8b19f/versions/9331e37b9e39baa3/files/7f81a2fa5dd408d507bb928037813f6f959487d11e2ada6c90d0881ed9dbf333 [stream]
[debug] [2022-11-10T06:45:39.948Z] >>> [apiv2][query] POST https://upload-firebasehosting.googleapis.com/upload/sites/photography-8b19f/versions/9331e37b9e39baa3/files/a599b3acfc8f0d73ee2f13a1c10b445149f6afab606eea45424df01f3a471a2f [none]
[debug] [2022-11-10T06:45:39.949Z] >>> [apiv2][body] POST https://upload-firebasehosting.googleapis.com/upload/sites/photography-8b19f/versions/9331e37b9e39baa3/files/a599b3acfc8f0d73ee2f13a1c10b445149f6afab606eea45424df01f3a471a2f [stream]
[debug] [2022-11-10T06:45:39.953Z] [hosting][populate queue][FINAL] {"max":1279,"min":1279,"avg":1279,"active":0,"complete":1,"success":1,"errored":0,"retried":0,"total":1,"elapsed":1305}
[debug] [2022-11-10T06:45:39.953Z] [hosting] uploads queued: 6
[debug] [2022-11-10T06:45:41.661Z] <<< [apiv2][status] POST https://upload-firebasehosting.googleapis.com/upload/sites/photography-8b19f/versions/9331e37b9e39baa3/files/314adcd43d0e77749ee6bead3d9bda2f581dd7bebe4eea6f7b27443ff005c817 200
[debug] [2022-11-10T06:45:41.662Z] <<< [apiv2][body] POST https://upload-firebasehosting.googleapis.com/upload/sites/photography-8b19f/versions/9331e37b9e39baa3/files/314adcd43d0e77749ee6bead3d9bda2f581dd7bebe4eea6f7b27443ff005c817 [stream]
[debug] [2022-11-10T06:45:41.733Z] <<< [apiv2][status] POST https://upload-firebasehosting.googleapis.com/upload/sites/photography-8b19f/versions/9331e37b9e39baa3/files/69bd8d9484041a87ee79a2d62bb3e56ea8e36a4bb5e52a4223b53a8bd86ea8aa 200
[debug] [2022-11-10T06:45:41.733Z] <<< [apiv2][body] POST https://upload-firebasehosting.googleapis.com/upload/sites/photography-8b19f/versions/9331e37b9e39baa3/files/69bd8d9484041a87ee79a2d62bb3e56ea8e36a4bb5e52a4223b53a8bd86ea8aa [stream]
[debug] [2022-11-10T06:45:41.903Z] <<< [apiv2][status] POST https://upload-firebasehosting.googleapis.com/upload/sites/photography-8b19f/versions/9331e37b9e39baa3/files/a599b3acfc8f0d73ee2f13a1c10b445149f6afab606eea45424df01f3a471a2f 200
[debug] [2022-11-10T06:45:41.903Z] <<< [apiv2][body] POST https://upload-firebasehosting.googleapis.com/upload/sites/photography-8b19f/versions/9331e37b9e39baa3/files/a599b3acfc8f0d73ee2f13a1c10b445149f6afab606eea45424df01f3a471a2f [stream]
[debug] [2022-11-10T06:45:43.093Z] <<< [apiv2][status] POST https://upload-firebasehosting.googleapis.com/upload/sites/photography-8b19f/versions/9331e37b9e39baa3/files/6df26e300d63dfa9dfe3d053498c09c9a9faeab2e302a6f9125a4e4ea1f34194 200
[debug] [2022-11-10T06:45:43.094Z] <<< [apiv2][body] POST https://upload-firebasehosting.googleapis.com/upload/sites/photography-8b19f/versions/9331e37b9e39baa3/files/6df26e300d63dfa9dfe3d053498c09c9a9faeab2e302a6f9125a4e4ea1f34194 [stream]
[debug] [2022-11-10T06:45:43.436Z] <<< [apiv2][status] POST https://upload-firebasehosting.googleapis.com/upload/sites/photography-8b19f/versions/9331e37b9e39baa3/files/451cfbd7e400fe9cf80ec83983425e75956ffd7b4db81442c3db70d4cb427e94 200
[debug] [2022-11-10T06:45:43.437Z] <<< [apiv2][body] POST https://upload-firebasehosting.googleapis.com/upload/sites/photography-8b19f/versions/9331e37b9e39baa3/files/451cfbd7e400fe9cf80ec83983425e75956ffd7b4db81442c3db70d4cb427e94 [stream]
[debug] [2022-11-10T06:46:01.420Z] [uploadQueue] Retrying task 7f81a2fa5dd408d507bb928037813f6f959487d11e2ada6c90d0881ed9dbf333
[debug] [2022-11-10T06:46:01.423Z] >>> [apiv2][query] POST https://upload-firebasehosting.googleapis.com/upload/sites/photography-8b19f/versions/9331e37b9e39baa3/files/7f81a2fa5dd408d507bb928037813f6f959487d11e2ada6c90d0881ed9dbf333 [none]
[debug] [2022-11-10T06:46:01.424Z] >>> [apiv2][body] POST https://upload-firebasehosting.googleapis.com/upload/sites/photography-8b19f/versions/9331e37b9e39baa3/files/7f81a2fa5dd408d507bb928037813f6f959487d11e2ada6c90d0881ed9dbf333 [stream]
[debug] [2022-11-10T06:46:03.866Z] <<< [apiv2][status] POST https://upload-firebasehosting.googleapis.com/upload/sites/photography-8b19f/versions/9331e37b9e39baa3/files/7f81a2fa5dd408d507bb928037813f6f959487d11e2ada6c90d0881ed9dbf333 200
[debug] [2022-11-10T06:46:03.867Z] <<< [apiv2][body] POST https://upload-firebasehosting.googleapis.com/upload/sites/photography-8b19f/versions/9331e37b9e39baa3/files/7f81a2fa5dd408d507bb928037813f6f959487d11e2ada6c90d0881ed9dbf333 [stream]
[debug] [2022-11-10T06:46:03.868Z] [hosting][upload queue][FINAL] {"max":3513,"min":1737,"avg":2442.1666666666665,"active":0,"complete":6,"success":6,"errored":0,"retried":1,"total":6,"elapsed":23945}
[info] +  hosting[photography-8b19f]: file upload complete 
[debug] [2022-11-10T06:46:03.871Z] [hosting] deploy completed after 25860ms
[debug] [2022-11-10T06:46:03.889Z] [
  {
    "config": {
      "public": "build",
      "ignore": [
        "firebase.json",
        "**/.*",
        "**/node_modules/**"
      ],
      "rewrites": [
        {
          "source": "**",
          "destination": "/index.html"
        }
      ],
      "site": "photography-8b19f"
    },
    "version": "projects/554962851200/sites/photography-8b19f/versions/9331e37b9e39baa3"
  }
]
[info] i  hosting[photography-8b19f]: finalizing version... 
[debug] [2022-11-10T06:46:03.901Z] >>> [apiv2][query] PATCH https://firebasehosting.googleapis.com/v1beta1/projects/-/sites/photography-8b19f/versions/9331e37b9e39baa3 updateMask=status%2Cconfig
[debug] [2022-11-10T06:46:03.902Z] >>> [apiv2][body] PATCH https://firebasehosting.googleapis.com/v1beta1/projects/-/sites/photography-8b19f/versions/9331e37b9e39baa3 {"status":"FINALIZED","config":{"rewrites":[{"glob":"**","path":"/index.html"}]}}
[debug] [2022-11-10T06:46:05.104Z] <<< [apiv2][status] PATCH https://firebasehosting.googleapis.com/v1beta1/projects/-/sites/photography-8b19f/versions/9331e37b9e39baa3 200
[debug] [2022-11-10T06:46:05.104Z] <<< [apiv2][body] PATCH https://firebasehosting.googleapis.com/v1beta1/projects/-/sites/photography-8b19f/versions/9331e37b9e39baa3 {"name":"projects/554962851200/sites/photography-8b19f/versions/9331e37b9e39baa3","status":"FINALIZED","config":{"rewrites":[{"glob":"**","path":"/index.html"}]},"labels":{"deployment-tool":"cli-firebase"},"createTime":"2022-11-10T06:45:38.958304Z","createUser":{"email":"tania.develpers@gmail.com"},"finalizeTime":"2022-11-10T06:46:06.501189Z","finalizeUser":{"email":"tania.develpers@gmail.com"}}
[debug] [2022-11-10T06:46:05.104Z] [hosting] finalized version for photography-8b19f:[object Object]
[info] +  hosting[photography-8b19f]: version finalized 
[info] i  hosting[photography-8b19f]: releasing new version... 
[debug] [2022-11-10T06:46:05.108Z] >>> [apiv2][query] POST https://firebasehosting.googleapis.com/v1beta1/projects/-/sites/photography-8b19f/channels/live/releases versionName=projects%2F554962851200%2Fsites%2Fphotography-8b19f%2Fversions%2F9331e37b9e39baa3
[debug] [2022-11-10T06:46:05.109Z] >>> [apiv2][body] POST https://firebasehosting.googleapis.com/v1beta1/projects/-/sites/photography-8b19f/channels/live/releases {}
[debug] [2022-11-10T06:46:06.390Z] <<< [apiv2][status] POST https://firebasehosting.googleapis.com/v1beta1/projects/-/sites/photography-8b19f/channels/live/releases 200
[debug] [2022-11-10T06:46:06.391Z] <<< [apiv2][body] POST https://firebasehosting.googleapis.com/v1beta1/projects/-/sites/photography-8b19f/channels/live/releases {"name":"projects/554962851200/sites/photography-8b19f/channels/live/releases/1668062767078689","version":{"name":"projects/554962851200/sites/photography-8b19f/versions/9331e37b9e39baa3","status":"FINALIZED","config":{"rewrites":[{"glob":"**","path":"/index.html"}]},"labels":{"deployment-tool":"cli-firebase"},"createTime":"2022-11-10T06:45:38.958304Z","createUser":{"email":"tania.develpers@gmail.com","imageUrl":"https://lh3.googleusercontent.com/a/ALm5wu3lGpkEHl7z5FUWSEotGzrGUkmWQULVBJT8oGAr"},"finalizeTime":"2022-11-10T06:46:06.501189Z","finalizeUser":{"email":"tania.develpers@gmail.com","imageUrl":"https://lh3.googleusercontent.com/a/ALm5wu3lGpkEHl7z5FUWSEotGzrGUkmWQULVBJT8oGAr"}},"type":"DEPLOY","releaseTime":"2022-11-10T06:46:07.078689663Z","releaseUser":{"email":"tania.develpers@gmail.com","imageUrl":"https://lh3.googleusercontent.com/a/ALm5wu3lGpkEHl7z5FUWSEotGzrGUkmWQULVBJT8oGAr"}}
[debug] [2022-11-10T06:46:06.391Z] [hosting] release: {"name":"projects/554962851200/sites/photography-8b19f/channels/live/releases/1668062767078689","version":{"name":"projects/554962851200/sites/photography-8b19f/versions/9331e37b9e39baa3","status":"FINALIZED","config":{"rewrites":[{"glob":"**","path":"/index.html"}]},"labels":{"deployment-tool":"cli-firebase"},"createTime":"2022-11-10T06:45:38.958304Z","createUser":{"email":"tania.develpers@gmail.com","imageUrl":"https://lh3.googleusercontent.com/a/ALm5wu3lGpkEHl7z5FUWSEotGzrGUkmWQULVBJT8oGAr"},"finalizeTime":"2022-11-10T06:46:06.501189Z","finalizeUser":{"email":"tania.develpers@gmail.com","imageUrl":"https://lh3.googleusercontent.com/a/ALm5wu3lGpkEHl7z5FUWSEotGzrGUkmWQULVBJT8oGAr"}},"type":"DEPLOY","releaseTime":"2022-11-10T06:46:07.078689663Z","releaseUser":{"email":"tania.develpers@gmail.com","imageUrl":"https://lh3.googleusercontent.com/a/ALm5wu3lGpkEHl7z5FUWSEotGzrGUkmWQULVBJT8oGAr"}}
[info] +  hosting[photography-8b19f]: release complete 
[info] 
[info] +  Deploy complete! 
[info] 
[info] Project Console: https://console.firebase.google.com/project/photography-8b19f/overview
[info] Hosting URL: https://photography-8b19f.web.app
[debug] [2022-11-10T06:46:37.435Z] Error: Timed out.
    at Timeout._onTimeout (C:\Users\FTC\AppData\Roaming\npm\node_modules\firebase-tools\lib\utils.js:253:49)
    at listOnTimeout (node:internal/timers:559:17)
    at processTimers (node:internal/timers:502:7)
[error] 
[error] Error: An unexpected error has occurred.
